{"total": {"lines":{"total":4684,"covered":898,"skipped":0,"pct":19.17},"statements":{"total":4828,"covered":899,"skipped":0,"pct":18.62},"functions":{"total":580,"covered":10,"skipped":0,"pct":1.72},"branches":{"total":2166,"covered":39,"skipped":0,"pct":1.8},"branchesTrue":{"total":0,"covered":0,"skipped":0,"pct":100}}
,"C:\\Users\\salav\\OneDrive\\Desktop\\Developer Platform\\Developer-Collaboration-Platform\\server\\src\\app.js": {"lines":{"total":65,"covered":65,"skipped":0,"pct":100},"functions":{"total":0,"covered":0,"skipped":0,"pct":100},"statements":{"total":65,"covered":65,"skipped":0,"pct":100},"branches":{"total":6,"covered":6,"skipped":0,"pct":100}}
,"C:\\Users\\salav\\OneDrive\\Desktop\\Developer Platform\\Developer-Collaboration-Platform\\server\\src\\controllers\\activityController.js": {"lines":{"total":13,"covered":4,"skipped":0,"pct":30.76},"functions":{"total":1,"covered":0,"skipped":0,"pct":0},"statements":{"total":13,"covered":4,"skipped":0,"pct":30.76},"branches":{"total":8,"covered":0,"skipped":0,"pct":0}}
,"C:\\Users\\salav\\OneDrive\\Desktop\\Developer Platform\\Developer-Collaboration-Platform\\server\\src\\controllers\\aiController.js": {"lines":{"total":28,"covered":9,"skipped":0,"pct":32.14},"functions":{"total":2,"covered":0,"skipped":0,"pct":0},"statements":{"total":28,"covered":9,"skipped":0,"pct":32.14},"branches":{"total":11,"covered":0,"skipped":0,"pct":0}}
,"C:\\Users\\salav\\OneDrive\\Desktop\\Developer Platform\\Developer-Collaboration-Platform\\server\\src\\controllers\\attachmentController.js": {"lines":{"total":143,"covered":10,"skipped":0,"pct":6.99},"functions":{"total":10,"covered":0,"skipped":0,"pct":0},"statements":{"total":146,"covered":10,"skipped":0,"pct":6.84},"branches":{"total":88,"covered":0,"skipped":0,"pct":0}}
,"C:\\Users\\salav\\OneDrive\\Desktop\\Developer Platform\\Developer-Collaboration-Platform\\server\\src\\controllers\\authController.js": {"lines":{"total":215,"covered":26,"skipped":0,"pct":12.09},"functions":{"total":15,"covered":0,"skipped":0,"pct":0},"statements":{"total":215,"covered":26,"skipped":0,"pct":12.09},"branches":{"total":84,"covered":2,"skipped":0,"pct":2.38}}
,"C:\\Users\\salav\\OneDrive\\Desktop\\Developer Platform\\Developer-Collaboration-Platform\\server\\src\\controllers\\chatController.js": {"lines":{"total":88,"covered":13,"skipped":0,"pct":14.77},"functions":{"total":9,"covered":0,"skipped":0,"pct":0},"statements":{"total":90,"covered":13,"skipped":0,"pct":14.44},"branches":{"total":55,"covered":0,"skipped":0,"pct":0}}
,"C:\\Users\\salav\\OneDrive\\Desktop\\Developer Platform\\Developer-Collaboration-Platform\\server\\src\\controllers\\codeController.js": {"lines":{"total":151,"covered":19,"skipped":0,"pct":12.58},"functions":{"total":14,"covered":0,"skipped":0,"pct":0},"statements":{"total":164,"covered":19,"skipped":0,"pct":11.58},"branches":{"total":71,"covered":0,"skipped":0,"pct":0}}
,"C:\\Users\\salav\\OneDrive\\Desktop\\Developer Platform\\Developer-Collaboration-Platform\\server\\src\\controllers\\columnController.js": {"lines":{"total":34,"covered":6,"skipped":0,"pct":17.64},"functions":{"total":4,"covered":0,"skipped":0,"pct":0},"statements":{"total":34,"covered":6,"skipped":0,"pct":17.64},"branches":{"total":6,"covered":0,"skipped":0,"pct":0}}
,"C:\\Users\\salav\\OneDrive\\Desktop\\Developer Platform\\Developer-Collaboration-Platform\\server\\src\\controllers\\commentController.js": {"lines":{"total":107,"covered":13,"skipped":0,"pct":12.14},"functions":{"total":13,"covered":0,"skipped":0,"pct":0},"statements":{"total":112,"covered":13,"skipped":0,"pct":11.6},"branches":{"total":61,"covered":0,"skipped":0,"pct":0}}
,"C:\\Users\\salav\\OneDrive\\Desktop\\Developer Platform\\Developer-Collaboration-Platform\\server\\src\\controllers\\fileController.js": {"lines":{"total":37,"covered":9,"skipped":0,"pct":24.32},"functions":{"total":3,"covered":0,"skipped":0,"pct":0},"statements":{"total":37,"covered":9,"skipped":0,"pct":24.32},"branches":{"total":14,"covered":0,"skipped":0,"pct":0}}
,"C:\\Users\\salav\\OneDrive\\Desktop\\Developer Platform\\Developer-Collaboration-Platform\\server\\src\\controllers\\insightController.js": {"lines":{"total":136,"covered":18,"skipped":0,"pct":13.23},"functions":{"total":24,"covered":0,"skipped":0,"pct":0},"statements":{"total":141,"covered":18,"skipped":0,"pct":12.76},"branches":{"total":70,"covered":0,"skipped":0,"pct":0}}
,"C:\\Users\\salav\\OneDrive\\Desktop\\Developer Platform\\Developer-Collaboration-Platform\\server\\src\\controllers\\issueController.js": {"lines":{"total":113,"covered":14,"skipped":0,"pct":12.38},"functions":{"total":13,"covered":0,"skipped":0,"pct":0},"statements":{"total":120,"covered":14,"skipped":0,"pct":11.66},"branches":{"total":82,"covered":0,"skipped":0,"pct":0}}
,"C:\\Users\\salav\\OneDrive\\Desktop\\Developer Platform\\Developer-Collaboration-Platform\\server\\src\\controllers\\meetingController.js": {"lines":{"total":42,"covered":5,"skipped":0,"pct":11.9},"functions":{"total":4,"covered":0,"skipped":0,"pct":0},"statements":{"total":42,"covered":5,"skipped":0,"pct":11.9},"branches":{"total":12,"covered":0,"skipped":0,"pct":0}}
,"C:\\Users\\salav\\OneDrive\\Desktop\\Developer Platform\\Developer-Collaboration-Platform\\server\\src\\controllers\\messageController.js": {"lines":{"total":25,"covered":8,"skipped":0,"pct":32},"functions":{"total":2,"covered":0,"skipped":0,"pct":0},"statements":{"total":25,"covered":8,"skipped":0,"pct":32},"branches":{"total":16,"covered":0,"skipped":0,"pct":0}}
,"C:\\Users\\salav\\OneDrive\\Desktop\\Developer Platform\\Developer-Collaboration-Platform\\server\\src\\controllers\\notificationController.js": {"lines":{"total":15,"covered":6,"skipped":0,"pct":40},"functions":{"total":3,"covered":0,"skipped":0,"pct":0},"statements":{"total":15,"covered":6,"skipped":0,"pct":40},"branches":{"total":2,"covered":0,"skipped":0,"pct":0}}
,"C:\\Users\\salav\\OneDrive\\Desktop\\Developer Platform\\Developer-Collaboration-Platform\\server\\src\\controllers\\prController.js": {"lines":{"total":320,"covered":29,"skipped":0,"pct":9.06},"functions":{"total":25,"covered":0,"skipped":0,"pct":0},"statements":{"total":336,"covered":29,"skipped":0,"pct":8.63},"branches":{"total":159,"covered":0,"skipped":0,"pct":0}}
,"C:\\Users\\salav\\OneDrive\\Desktop\\Developer Platform\\Developer-Collaboration-Platform\\server\\src\\controllers\\projectController.js": {"lines":{"total":129,"covered":22,"skipped":0,"pct":17.05},"functions":{"total":17,"covered":0,"skipped":0,"pct":0},"statements":{"total":131,"covered":22,"skipped":0,"pct":16.79},"branches":{"total":50,"covered":2,"skipped":0,"pct":4}}
,"C:\\Users\\salav\\OneDrive\\Desktop\\Developer Platform\\Developer-Collaboration-Platform\\server\\src\\controllers\\repoController.js": {"lines":{"total":333,"covered":24,"skipped":0,"pct":7.2},"functions":{"total":44,"covered":0,"skipped":0,"pct":0},"statements":{"total":367,"covered":24,"skipped":0,"pct":6.53},"branches":{"total":185,"covered":0,"skipped":0,"pct":0}}
,"C:\\Users\\salav\\OneDrive\\Desktop\\Developer Platform\\Developer-Collaboration-Platform\\server\\src\\controllers\\summaryController.js": {"lines":{"total":33,"covered":8,"skipped":0,"pct":24.24},"functions":{"total":3,"covered":0,"skipped":0,"pct":0},"statements":{"total":33,"covered":8,"skipped":0,"pct":24.24},"branches":{"total":17,"covered":0,"skipped":0,"pct":0}}
,"C:\\Users\\salav\\OneDrive\\Desktop\\Developer Platform\\Developer-Collaboration-Platform\\server\\src\\controllers\\taskController.js": {"lines":{"total":186,"covered":36,"skipped":0,"pct":19.35},"functions":{"total":23,"covered":0,"skipped":0,"pct":0},"statements":{"total":190,"covered":36,"skipped":0,"pct":18.94},"branches":{"total":93,"covered":3,"skipped":0,"pct":3.22}}
,"C:\\Users\\salav\\OneDrive\\Desktop\\Developer Platform\\Developer-Collaboration-Platform\\server\\src\\controllers\\taskWorkflowController.js": {"lines":{"total":68,"covered":0,"skipped":0,"pct":0},"functions":{"total":6,"covered":0,"skipped":0,"pct":0},"statements":{"total":69,"covered":0,"skipped":0,"pct":0},"branches":{"total":26,"covered":0,"skipped":0,"pct":0}}
,"C:\\Users\\salav\\OneDrive\\Desktop\\Developer Platform\\Developer-Collaboration-Platform\\server\\src\\controllers\\userController.js": {"lines":{"total":31,"covered":7,"skipped":0,"pct":22.58},"functions":{"total":3,"covered":0,"skipped":0,"pct":0},"statements":{"total":31,"covered":7,"skipped":0,"pct":22.58},"branches":{"total":18,"covered":0,"skipped":0,"pct":0}}
,"C:\\Users\\salav\\OneDrive\\Desktop\\Developer Platform\\Developer-Collaboration-Platform\\server\\src\\middleware\\advancedValidators.js": {"lines":{"total":18,"covered":0,"skipped":0,"pct":0},"functions":{"total":3,"covered":0,"skipped":0,"pct":0},"statements":{"total":19,"covered":0,"skipped":0,"pct":0},"branches":{"total":2,"covered":0,"skipped":0,"pct":0}}
,"C:\\Users\\salav\\OneDrive\\Desktop\\Developer Platform\\Developer-Collaboration-Platform\\server\\src\\middleware\\auth.js": {"lines":{"total":19,"covered":5,"skipped":0,"pct":26.31},"functions":{"total":1,"covered":0,"skipped":0,"pct":0},"statements":{"total":19,"covered":5,"skipped":0,"pct":26.31},"branches":{"total":10,"covered":0,"skipped":0,"pct":0}}
,"C:\\Users\\salav\\OneDrive\\Desktop\\Developer Platform\\Developer-Collaboration-Platform\\server\\src\\middleware\\authMiddleware.js": {"lines":{"total":31,"covered":0,"skipped":0,"pct":0},"functions":{"total":2,"covered":0,"skipped":0,"pct":0},"statements":{"total":31,"covered":0,"skipped":0,"pct":0},"branches":{"total":21,"covered":0,"skipped":0,"pct":0}}
,"C:\\Users\\salav\\OneDrive\\Desktop\\Developer Platform\\Developer-Collaboration-Platform\\server\\src\\middleware\\errorHandler.js": {"lines":{"total":19,"covered":6,"skipped":0,"pct":31.57},"functions":{"total":3,"covered":0,"skipped":0,"pct":0},"statements":{"total":19,"covered":6,"skipped":0,"pct":31.57},"branches":{"total":18,"covered":0,"skipped":0,"pct":0}}
,"C:\\Users\\salav\\OneDrive\\Desktop\\Developer Platform\\Developer-Collaboration-Platform\\server\\src\\middleware\\projectAccess.js": {"lines":{"total":28,"covered":6,"skipped":0,"pct":21.42},"functions":{"total":4,"covered":0,"skipped":0,"pct":0},"statements":{"total":28,"covered":6,"skipped":0,"pct":21.42},"branches":{"total":13,"covered":0,"skipped":0,"pct":0}}
,"C:\\Users\\salav\\OneDrive\\Desktop\\Developer Platform\\Developer-Collaboration-Platform\\server\\src\\middleware\\requestLogger.js": {"lines":{"total":8,"covered":3,"skipped":0,"pct":37.5},"functions":{"total":2,"covered":0,"skipped":0,"pct":0},"statements":{"total":8,"covered":3,"skipped":0,"pct":37.5},"branches":{"total":0,"covered":0,"skipped":0,"pct":100}}
,"C:\\Users\\salav\\OneDrive\\Desktop\\Developer Platform\\Developer-Collaboration-Platform\\server\\src\\middleware\\role.js": {"lines":{"total":8,"covered":0,"skipped":0,"pct":0},"functions":{"total":2,"covered":0,"skipped":0,"pct":0},"statements":{"total":9,"covered":0,"skipped":0,"pct":0},"branches":{"total":4,"covered":0,"skipped":0,"pct":0}}
,"C:\\Users\\salav\\OneDrive\\Desktop\\Developer Platform\\Developer-Collaboration-Platform\\server\\src\\middleware\\upload.js": {"lines":{"total":24,"covered":15,"skipped":0,"pct":62.5},"functions":{"total":3,"covered":0,"skipped":0,"pct":0},"statements":{"total":24,"covered":15,"skipped":0,"pct":62.5},"branches":{"total":4,"covered":2,"skipped":0,"pct":50}}
,"C:\\Users\\salav\\OneDrive\\Desktop\\Developer Platform\\Developer-Collaboration-Platform\\server\\src\\middleware\\uploadMiddleware.js": {"lines":{"total":100,"covered":26,"skipped":0,"pct":26},"functions":{"total":10,"covered":1,"skipped":0,"pct":10},"statements":{"total":101,"covered":26,"skipped":0,"pct":25.74},"branches":{"total":55,"covered":8,"skipped":0,"pct":14.54}}
,"C:\\Users\\salav\\OneDrive\\Desktop\\Developer Platform\\Developer-Collaboration-Platform\\server\\src\\middleware\\validators.js": {"lines":{"total":82,"covered":10,"skipped":0,"pct":12.19},"functions":{"total":8,"covered":0,"skipped":0,"pct":0},"statements":{"total":82,"covered":10,"skipped":0,"pct":12.19},"branches":{"total":84,"covered":0,"skipped":0,"pct":0}}
,"C:\\Users\\salav\\OneDrive\\Desktop\\Developer Platform\\Developer-Collaboration-Platform\\server\\src\\models\\Activity.js": {"lines":{"total":3,"covered":3,"skipped":0,"pct":100},"functions":{"total":0,"covered":0,"skipped":0,"pct":100},"statements":{"total":3,"covered":3,"skipped":0,"pct":100},"branches":{"total":0,"covered":0,"skipped":0,"pct":100}}
,"C:\\Users\\salav\\OneDrive\\Desktop\\Developer Platform\\Developer-Collaboration-Platform\\server\\src\\models\\AiLog.js": {"lines":{"total":3,"covered":3,"skipped":0,"pct":100},"functions":{"total":0,"covered":0,"skipped":0,"pct":100},"statements":{"total":3,"covered":3,"skipped":0,"pct":100},"branches":{"total":0,"covered":0,"skipped":0,"pct":100}}
,"C:\\Users\\salav\\OneDrive\\Desktop\\Developer Platform\\Developer-Collaboration-Platform\\server\\src\\models\\Attachment.js": {"lines":{"total":26,"covered":10,"skipped":0,"pct":38.46},"functions":{"total":4,"covered":0,"skipped":0,"pct":0},"statements":{"total":27,"covered":10,"skipped":0,"pct":37.03},"branches":{"total":20,"covered":0,"skipped":0,"pct":0}}
,"C:\\Users\\salav\\OneDrive\\Desktop\\Developer Platform\\Developer-Collaboration-Platform\\server\\src\\models\\AuthToken.js": {"lines":{"total":6,"covered":6,"skipped":0,"pct":100},"functions":{"total":0,"covered":0,"skipped":0,"pct":100},"statements":{"total":6,"covered":6,"skipped":0,"pct":100},"branches":{"total":0,"covered":0,"skipped":0,"pct":100}}
,"C:\\Users\\salav\\OneDrive\\Desktop\\Developer Platform\\Developer-Collaboration-Platform\\server\\src\\models\\ChatMessage.js": {"lines":{"total":10,"covered":9,"skipped":0,"pct":90},"functions":{"total":1,"covered":0,"skipped":0,"pct":0},"statements":{"total":10,"covered":9,"skipped":0,"pct":90},"branches":{"total":0,"covered":0,"skipped":0,"pct":100}}
,"C:\\Users\\salav\\OneDrive\\Desktop\\Developer Platform\\Developer-Collaboration-Platform\\server\\src\\models\\ChatSummary.js": {"lines":{"total":3,"covered":3,"skipped":0,"pct":100},"functions":{"total":0,"covered":0,"skipped":0,"pct":100},"statements":{"total":3,"covered":3,"skipped":0,"pct":100},"branches":{"total":0,"covered":0,"skipped":0,"pct":100}}
,"C:\\Users\\salav\\OneDrive\\Desktop\\Developer Platform\\Developer-Collaboration-Platform\\server\\src\\models\\CodeComment.js": {"lines":{"total":3,"covered":3,"skipped":0,"pct":100},"functions":{"total":0,"covered":0,"skipped":0,"pct":100},"statements":{"total":3,"covered":3,"skipped":0,"pct":100},"branches":{"total":0,"covered":0,"skipped":0,"pct":100}}
,"C:\\Users\\salav\\OneDrive\\Desktop\\Developer Platform\\Developer-Collaboration-Platform\\server\\src\\models\\Column.js": {"lines":{"total":3,"covered":3,"skipped":0,"pct":100},"functions":{"total":0,"covered":0,"skipped":0,"pct":100},"statements":{"total":3,"covered":3,"skipped":0,"pct":100},"branches":{"total":0,"covered":0,"skipped":0,"pct":100}}
,"C:\\Users\\salav\\OneDrive\\Desktop\\Developer Platform\\Developer-Collaboration-Platform\\server\\src\\models\\Commit.js": {"lines":{"total":3,"covered":3,"skipped":0,"pct":100},"functions":{"total":0,"covered":0,"skipped":0,"pct":100},"statements":{"total":3,"covered":3,"skipped":0,"pct":100},"branches":{"total":0,"covered":0,"skipped":0,"pct":100}}
,"C:\\Users\\salav\\OneDrive\\Desktop\\Developer Platform\\Developer-Collaboration-Platform\\server\\src\\models\\File.js": {"lines":{"total":4,"covered":4,"skipped":0,"pct":100},"functions":{"total":0,"covered":0,"skipped":0,"pct":100},"statements":{"total":4,"covered":4,"skipped":0,"pct":100},"branches":{"total":0,"covered":0,"skipped":0,"pct":100}}
,"C:\\Users\\salav\\OneDrive\\Desktop\\Developer Platform\\Developer-Collaboration-Platform\\server\\src\\models\\FileAsset.js": {"lines":{"total":3,"covered":3,"skipped":0,"pct":100},"functions":{"total":0,"covered":0,"skipped":0,"pct":100},"statements":{"total":3,"covered":3,"skipped":0,"pct":100},"branches":{"total":0,"covered":0,"skipped":0,"pct":100}}
,"C:\\Users\\salav\\OneDrive\\Desktop\\Developer Platform\\Developer-Collaboration-Platform\\server\\src\\models\\Invite.js": {"lines":{"total":4,"covered":4,"skipped":0,"pct":100},"functions":{"total":0,"covered":0,"skipped":0,"pct":100},"statements":{"total":4,"covered":4,"skipped":0,"pct":100},"branches":{"total":0,"covered":0,"skipped":0,"pct":100}}
,"C:\\Users\\salav\\OneDrive\\Desktop\\Developer Platform\\Developer-Collaboration-Platform\\server\\src\\models\\Issue.js": {"lines":{"total":7,"covered":7,"skipped":0,"pct":100},"functions":{"total":0,"covered":0,"skipped":0,"pct":100},"statements":{"total":7,"covered":7,"skipped":0,"pct":100},"branches":{"total":0,"covered":0,"skipped":0,"pct":100}}
,"C:\\Users\\salav\\OneDrive\\Desktop\\Developer Platform\\Developer-Collaboration-Platform\\server\\src\\models\\Meeting.js": {"lines":{"total":4,"covered":4,"skipped":0,"pct":100},"functions":{"total":0,"covered":0,"skipped":0,"pct":100},"statements":{"total":4,"covered":4,"skipped":0,"pct":100},"branches":{"total":0,"covered":0,"skipped":0,"pct":100}}
,"C:\\Users\\salav\\OneDrive\\Desktop\\Developer Platform\\Developer-Collaboration-Platform\\server\\src\\models\\MergeRequestAudit.js": {"lines":{"total":5,"covered":5,"skipped":0,"pct":100},"functions":{"total":0,"covered":0,"skipped":0,"pct":100},"statements":{"total":5,"covered":5,"skipped":0,"pct":100},"branches":{"total":0,"covered":0,"skipped":0,"pct":100}}
,"C:\\Users\\salav\\OneDrive\\Desktop\\Developer Platform\\Developer-Collaboration-Platform\\server\\src\\models\\Message.js": {"lines":{"total":4,"covered":4,"skipped":0,"pct":100},"functions":{"total":0,"covered":0,"skipped":0,"pct":100},"statements":{"total":4,"covered":4,"skipped":0,"pct":100},"branches":{"total":0,"covered":0,"skipped":0,"pct":100}}
,"C:\\Users\\salav\\OneDrive\\Desktop\\Developer Platform\\Developer-Collaboration-Platform\\server\\src\\models\\Notification.js": {"lines":{"total":3,"covered":3,"skipped":0,"pct":100},"functions":{"total":0,"covered":0,"skipped":0,"pct":100},"statements":{"total":3,"covered":3,"skipped":0,"pct":100},"branches":{"total":0,"covered":0,"skipped":0,"pct":100}}
,"C:\\Users\\salav\\OneDrive\\Desktop\\Developer Platform\\Developer-Collaboration-Platform\\server\\src\\models\\Presence.js": {"lines":{"total":9,"covered":0,"skipped":0,"pct":0},"functions":{"total":1,"covered":0,"skipped":0,"pct":0},"statements":{"total":9,"covered":0,"skipped":0,"pct":0},"branches":{"total":0,"covered":0,"skipped":0,"pct":100}}
,"C:\\Users\\salav\\OneDrive\\Desktop\\Developer Platform\\Developer-Collaboration-Platform\\server\\src\\models\\Project.js": {"lines":{"total":5,"covered":5,"skipped":0,"pct":100},"functions":{"total":0,"covered":0,"skipped":0,"pct":100},"statements":{"total":5,"covered":5,"skipped":0,"pct":100},"branches":{"total":0,"covered":0,"skipped":0,"pct":100}}
,"C:\\Users\\salav\\OneDrive\\Desktop\\Developer Platform\\Developer-Collaboration-Platform\\server\\src\\models\\ProjectInsight.js": {"lines":{"total":4,"covered":4,"skipped":0,"pct":100},"functions":{"total":0,"covered":0,"skipped":0,"pct":100},"statements":{"total":4,"covered":4,"skipped":0,"pct":100},"branches":{"total":0,"covered":0,"skipped":0,"pct":100}}
,"C:\\Users\\salav\\OneDrive\\Desktop\\Developer Platform\\Developer-Collaboration-Platform\\server\\src\\models\\PullRequest.js": {"lines":{"total":7,"covered":7,"skipped":0,"pct":100},"functions":{"total":0,"covered":0,"skipped":0,"pct":100},"statements":{"total":7,"covered":7,"skipped":0,"pct":100},"branches":{"total":0,"covered":0,"skipped":0,"pct":100}}
,"C:\\Users\\salav\\OneDrive\\Desktop\\Developer Platform\\Developer-Collaboration-Platform\\server\\src\\models\\RefreshToken.js": {"lines":{"total":3,"covered":0,"skipped":0,"pct":0},"functions":{"total":0,"covered":0,"skipped":0,"pct":100},"statements":{"total":3,"covered":0,"skipped":0,"pct":0},"branches":{"total":0,"covered":0,"skipped":0,"pct":100}}
,"C:\\Users\\salav\\OneDrive\\Desktop\\Developer Platform\\Developer-Collaboration-Platform\\server\\src\\models\\Repository.js": {"lines":{"total":3,"covered":3,"skipped":0,"pct":100},"functions":{"total":0,"covered":0,"skipped":0,"pct":100},"statements":{"total":3,"covered":3,"skipped":0,"pct":100},"branches":{"total":0,"covered":0,"skipped":0,"pct":100}}
,"C:\\Users\\salav\\OneDrive\\Desktop\\Developer Platform\\Developer-Collaboration-Platform\\server\\src\\models\\ReviewComment.js": {"lines":{"total":16,"covered":8,"skipped":0,"pct":50},"functions":{"total":2,"covered":0,"skipped":0,"pct":0},"statements":{"total":16,"covered":8,"skipped":0,"pct":50},"branches":{"total":12,"covered":0,"skipped":0,"pct":0}}
,"C:\\Users\\salav\\OneDrive\\Desktop\\Developer Platform\\Developer-Collaboration-Platform\\server\\src\\models\\Task.js": {"lines":{"total":51,"covered":18,"skipped":0,"pct":35.29},"functions":{"total":4,"covered":0,"skipped":0,"pct":0},"statements":{"total":51,"covered":18,"skipped":0,"pct":35.29},"branches":{"total":31,"covered":0,"skipped":0,"pct":0}}
,"C:\\Users\\salav\\OneDrive\\Desktop\\Developer Platform\\Developer-Collaboration-Platform\\server\\src\\models\\User.js": {"lines":{"total":4,"covered":4,"skipped":0,"pct":100},"functions":{"total":0,"covered":0,"skipped":0,"pct":100},"statements":{"total":4,"covered":4,"skipped":0,"pct":100},"branches":{"total":0,"covered":0,"skipped":0,"pct":100}}
,"C:\\Users\\salav\\OneDrive\\Desktop\\Developer Platform\\Developer-Collaboration-Platform\\server\\src\\routes\\activity.js": {"lines":{"total":7,"covered":7,"skipped":0,"pct":100},"functions":{"total":0,"covered":0,"skipped":0,"pct":100},"statements":{"total":7,"covered":7,"skipped":0,"pct":100},"branches":{"total":0,"covered":0,"skipped":0,"pct":100}}
,"C:\\Users\\salav\\OneDrive\\Desktop\\Developer Platform\\Developer-Collaboration-Platform\\server\\src\\routes\\ai.js": {"lines":{"total":7,"covered":7,"skipped":0,"pct":100},"functions":{"total":0,"covered":0,"skipped":0,"pct":100},"statements":{"total":7,"covered":7,"skipped":0,"pct":100},"branches":{"total":0,"covered":0,"skipped":0,"pct":100}}
,"C:\\Users\\salav\\OneDrive\\Desktop\\Developer Platform\\Developer-Collaboration-Platform\\server\\src\\routes\\attachmentRoutes.js": {"lines":{"total":13,"covered":13,"skipped":0,"pct":100},"functions":{"total":0,"covered":0,"skipped":0,"pct":100},"statements":{"total":13,"covered":13,"skipped":0,"pct":100},"branches":{"total":0,"covered":0,"skipped":0,"pct":100}}
,"C:\\Users\\salav\\OneDrive\\Desktop\\Developer Platform\\Developer-Collaboration-Platform\\server\\src\\routes\\auth.js": {"lines":{"total":15,"covered":15,"skipped":0,"pct":100},"functions":{"total":0,"covered":0,"skipped":0,"pct":100},"statements":{"total":15,"covered":15,"skipped":0,"pct":100},"branches":{"total":4,"covered":4,"skipped":0,"pct":100}}
,"C:\\Users\\salav\\OneDrive\\Desktop\\Developer Platform\\Developer-Collaboration-Platform\\server\\src\\routes\\chat.js": {"lines":{"total":11,"covered":11,"skipped":0,"pct":100},"functions":{"total":0,"covered":0,"skipped":0,"pct":100},"statements":{"total":11,"covered":11,"skipped":0,"pct":100},"branches":{"total":0,"covered":0,"skipped":0,"pct":100}}
,"C:\\Users\\salav\\OneDrive\\Desktop\\Developer Platform\\Developer-Collaboration-Platform\\server\\src\\routes\\code.js": {"lines":{"total":25,"covered":21,"skipped":0,"pct":84},"functions":{"total":2,"covered":0,"skipped":0,"pct":0},"statements":{"total":25,"covered":21,"skipped":0,"pct":84},"branches":{"total":2,"covered":1,"skipped":0,"pct":50}}
,"C:\\Users\\salav\\OneDrive\\Desktop\\Developer Platform\\Developer-Collaboration-Platform\\server\\src\\routes\\columns.js": {"lines":{"total":9,"covered":9,"skipped":0,"pct":100},"functions":{"total":0,"covered":0,"skipped":0,"pct":100},"statements":{"total":9,"covered":9,"skipped":0,"pct":100},"branches":{"total":0,"covered":0,"skipped":0,"pct":100}}
,"C:\\Users\\salav\\OneDrive\\Desktop\\Developer Platform\\Developer-Collaboration-Platform\\server\\src\\routes\\comments.js": {"lines":{"total":11,"covered":11,"skipped":0,"pct":100},"functions":{"total":0,"covered":0,"skipped":0,"pct":100},"statements":{"total":11,"covered":11,"skipped":0,"pct":100},"branches":{"total":0,"covered":0,"skipped":0,"pct":100}}
,"C:\\Users\\salav\\OneDrive\\Desktop\\Developer Platform\\Developer-Collaboration-Platform\\server\\src\\routes\\files.js": {"lines":{"total":10,"covered":10,"skipped":0,"pct":100},"functions":{"total":0,"covered":0,"skipped":0,"pct":100},"statements":{"total":10,"covered":10,"skipped":0,"pct":100},"branches":{"total":0,"covered":0,"skipped":0,"pct":100}}
,"C:\\Users\\salav\\OneDrive\\Desktop\\Developer Platform\\Developer-Collaboration-Platform\\server\\src\\routes\\health.js": {"lines":{"total":5,"covered":4,"skipped":0,"pct":80},"functions":{"total":1,"covered":0,"skipped":0,"pct":0},"statements":{"total":5,"covered":4,"skipped":0,"pct":80},"branches":{"total":0,"covered":0,"skipped":0,"pct":100}}
,"C:\\Users\\salav\\OneDrive\\Desktop\\Developer Platform\\Developer-Collaboration-Platform\\server\\src\\routes\\insights.js": {"lines":{"total":8,"covered":8,"skipped":0,"pct":100},"functions":{"total":0,"covered":0,"skipped":0,"pct":100},"statements":{"total":8,"covered":8,"skipped":0,"pct":100},"branches":{"total":0,"covered":0,"skipped":0,"pct":100}}
,"C:\\Users\\salav\\OneDrive\\Desktop\\Developer Platform\\Developer-Collaboration-Platform\\server\\src\\routes\\issues.js": {"lines":{"total":12,"covered":12,"skipped":0,"pct":100},"functions":{"total":0,"covered":0,"skipped":0,"pct":100},"statements":{"total":12,"covered":12,"skipped":0,"pct":100},"branches":{"total":0,"covered":0,"skipped":0,"pct":100}}
,"C:\\Users\\salav\\OneDrive\\Desktop\\Developer Platform\\Developer-Collaboration-Platform\\server\\src\\routes\\meetingRoutes.js": {"lines":{"total":9,"covered":9,"skipped":0,"pct":100},"functions":{"total":0,"covered":0,"skipped":0,"pct":100},"statements":{"total":9,"covered":9,"skipped":0,"pct":100},"branches":{"total":0,"covered":0,"skipped":0,"pct":100}}
,"C:\\Users\\salav\\OneDrive\\Desktop\\Developer Platform\\Developer-Collaboration-Platform\\server\\src\\routes\\messages.js": {"lines":{"total":8,"covered":8,"skipped":0,"pct":100},"functions":{"total":0,"covered":0,"skipped":0,"pct":100},"statements":{"total":8,"covered":8,"skipped":0,"pct":100},"branches":{"total":0,"covered":0,"skipped":0,"pct":100}}
,"C:\\Users\\salav\\OneDrive\\Desktop\\Developer Platform\\Developer-Collaboration-Platform\\server\\src\\routes\\notifications.js": {"lines":{"total":8,"covered":8,"skipped":0,"pct":100},"functions":{"total":0,"covered":0,"skipped":0,"pct":100},"statements":{"total":8,"covered":8,"skipped":0,"pct":100},"branches":{"total":0,"covered":0,"skipped":0,"pct":100}}
,"C:\\Users\\salav\\OneDrive\\Desktop\\Developer Platform\\Developer-Collaboration-Platform\\server\\src\\routes\\projects.js": {"lines":{"total":16,"covered":16,"skipped":0,"pct":100},"functions":{"total":0,"covered":0,"skipped":0,"pct":100},"statements":{"total":16,"covered":16,"skipped":0,"pct":100},"branches":{"total":0,"covered":0,"skipped":0,"pct":100}}
,"C:\\Users\\salav\\OneDrive\\Desktop\\Developer Platform\\Developer-Collaboration-Platform\\server\\src\\routes\\pullRequests.js": {"lines":{"total":20,"covered":20,"skipped":0,"pct":100},"functions":{"total":0,"covered":0,"skipped":0,"pct":100},"statements":{"total":20,"covered":20,"skipped":0,"pct":100},"branches":{"total":0,"covered":0,"skipped":0,"pct":100}}
,"C:\\Users\\salav\\OneDrive\\Desktop\\Developer Platform\\Developer-Collaboration-Platform\\server\\src\\routes\\repos.js": {"lines":{"total":21,"covered":21,"skipped":0,"pct":100},"functions":{"total":0,"covered":0,"skipped":0,"pct":100},"statements":{"total":21,"covered":21,"skipped":0,"pct":100},"branches":{"total":0,"covered":0,"skipped":0,"pct":100}}
,"C:\\Users\\salav\\OneDrive\\Desktop\\Developer Platform\\Developer-Collaboration-Platform\\server\\src\\routes\\summaries.js": {"lines":{"total":7,"covered":7,"skipped":0,"pct":100},"functions":{"total":0,"covered":0,"skipped":0,"pct":100},"statements":{"total":7,"covered":7,"skipped":0,"pct":100},"branches":{"total":0,"covered":0,"skipped":0,"pct":100}}
,"C:\\Users\\salav\\OneDrive\\Desktop\\Developer Platform\\Developer-Collaboration-Platform\\server\\src\\routes\\tasks.js": {"lines":{"total":18,"covered":18,"skipped":0,"pct":100},"functions":{"total":0,"covered":0,"skipped":0,"pct":100},"statements":{"total":18,"covered":18,"skipped":0,"pct":100},"branches":{"total":0,"covered":0,"skipped":0,"pct":100}}
,"C:\\Users\\salav\\OneDrive\\Desktop\\Developer Platform\\Developer-Collaboration-Platform\\server\\src\\routes\\tasksQuery.js": {"lines":{"total":6,"covered":6,"skipped":0,"pct":100},"functions":{"total":0,"covered":0,"skipped":0,"pct":100},"statements":{"total":6,"covered":6,"skipped":0,"pct":100},"branches":{"total":0,"covered":0,"skipped":0,"pct":100}}
,"C:\\Users\\salav\\OneDrive\\Desktop\\Developer Platform\\Developer-Collaboration-Platform\\server\\src\\routes\\users.js": {"lines":{"total":10,"covered":10,"skipped":0,"pct":100},"functions":{"total":0,"covered":0,"skipped":0,"pct":100},"statements":{"total":10,"covered":10,"skipped":0,"pct":100},"branches":{"total":0,"covered":0,"skipped":0,"pct":100}}
,"C:\\Users\\salav\\OneDrive\\Desktop\\Developer Platform\\Developer-Collaboration-Platform\\server\\src\\services\\fileAttachmentService.js": {"lines":{"total":101,"covered":7,"skipped":0,"pct":6.93},"functions":{"total":21,"covered":0,"skipped":0,"pct":0},"statements":{"total":110,"covered":7,"skipped":0,"pct":6.36},"branches":{"total":87,"covered":0,"skipped":0,"pct":0}}
,"C:\\Users\\salav\\OneDrive\\Desktop\\Developer Platform\\Developer-Collaboration-Platform\\server\\src\\services\\gitService.js": {"lines":{"total":248,"covered":11,"skipped":0,"pct":4.43},"functions":{"total":35,"covered":1,"skipped":0,"pct":2.85},"statements":{"total":252,"covered":11,"skipped":0,"pct":4.36},"branches":{"total":95,"covered":1,"skipped":0,"pct":1.05}}
,"C:\\Users\\salav\\OneDrive\\Desktop\\Developer Platform\\Developer-Collaboration-Platform\\server\\src\\services\\notificationService.js": {"lines":{"total":109,"covered":5,"skipped":0,"pct":4.58},"functions":{"total":40,"covered":1,"skipped":0,"pct":2.5},"statements":{"total":111,"covered":5,"skipped":0,"pct":4.5},"branches":{"total":70,"covered":1,"skipped":0,"pct":1.42}}
,"C:\\Users\\salav\\OneDrive\\Desktop\\Developer Platform\\Developer-Collaboration-Platform\\server\\src\\services\\taskService.js": {"lines":{"total":158,"covered":8,"skipped":0,"pct":5.06},"functions":{"total":24,"covered":0,"skipped":0,"pct":0},"statements":{"total":166,"covered":8,"skipped":0,"pct":4.81},"branches":{"total":93,"covered":0,"skipped":0,"pct":0}}
,"C:\\Users\\salav\\OneDrive\\Desktop\\Developer Platform\\Developer-Collaboration-Platform\\server\\src\\services\\storage\\firebaseService.js": {"lines":{"total":34,"covered":5,"skipped":0,"pct":14.7},"functions":{"total":6,"covered":1,"skipped":0,"pct":16.66},"statements":{"total":35,"covered":5,"skipped":0,"pct":14.28},"branches":{"total":12,"covered":0,"skipped":0,"pct":0}}
,"C:\\Users\\salav\\OneDrive\\Desktop\\Developer Platform\\Developer-Collaboration-Platform\\server\\src\\services\\storage\\s3Service.js": {"lines":{"total":20,"covered":6,"skipped":0,"pct":30},"functions":{"total":5,"covered":2,"skipped":0,"pct":40},"statements":{"total":20,"covered":6,"skipped":0,"pct":30},"branches":{"total":14,"covered":3,"skipped":0,"pct":21.42}}
,"C:\\Users\\salav\\OneDrive\\Desktop\\Developer Platform\\Developer-Collaboration-Platform\\server\\src\\services\\storage\\storageService.js": {"lines":{"total":25,"covered":12,"skipped":0,"pct":48},"functions":{"total":6,"covered":2,"skipped":0,"pct":33.33},"statements":{"total":25,"covered":12,"skipped":0,"pct":48},"branches":{"total":11,"covered":4,"skipped":0,"pct":36.36}}
,"C:\\Users\\salav\\OneDrive\\Desktop\\Developer Platform\\Developer-Collaboration-Platform\\server\\src\\socket\\attachmentSocket.js": {"lines":{"total":22,"covered":0,"skipped":0,"pct":0},"functions":{"total":9,"covered":0,"skipped":0,"pct":0},"statements":{"total":22,"covered":0,"skipped":0,"pct":0},"branches":{"total":0,"covered":0,"skipped":0,"pct":100}}
,"C:\\Users\\salav\\OneDrive\\Desktop\\Developer Platform\\Developer-Collaboration-Platform\\server\\src\\socket\\collaborationHandlers.js": {"lines":{"total":102,"covered":0,"skipped":0,"pct":0},"functions":{"total":19,"covered":0,"skipped":0,"pct":0},"statements":{"total":104,"covered":0,"skipped":0,"pct":0},"branches":{"total":37,"covered":0,"skipped":0,"pct":0}}
,"C:\\Users\\salav\\OneDrive\\Desktop\\Developer Platform\\Developer-Collaboration-Platform\\server\\src\\socket\\index.js": {"lines":{"total":219,"covered":0,"skipped":0,"pct":0},"functions":{"total":33,"covered":0,"skipped":0,"pct":0},"statements":{"total":230,"covered":0,"skipped":0,"pct":0},"branches":{"total":102,"covered":0,"skipped":0,"pct":0}}
,"C:\\Users\\salav\\OneDrive\\Desktop\\Developer Platform\\Developer-Collaboration-Platform\\server\\src\\socket\\taskSocket.js": {"lines":{"total":145,"covered":0,"skipped":0,"pct":0},"functions":{"total":21,"covered":0,"skipped":0,"pct":0},"statements":{"total":147,"covered":0,"skipped":0,"pct":0},"branches":{"total":48,"covered":0,"skipped":0,"pct":0}}
,"C:\\Users\\salav\\OneDrive\\Desktop\\Developer Platform\\Developer-Collaboration-Platform\\server\\src\\socket\\workflowHandlers.js": {"lines":{"total":107,"covered":0,"skipped":0,"pct":0},"functions":{"total":19,"covered":0,"skipped":0,"pct":0},"statements":{"total":107,"covered":0,"skipped":0,"pct":0},"branches":{"total":22,"covered":0,"skipped":0,"pct":0}}
,"C:\\Users\\salav\\OneDrive\\Desktop\\Developer Platform\\Developer-Collaboration-Platform\\server\\src\\utils\\ApiError.js": {"lines":{"total":4,"covered":1,"skipped":0,"pct":25},"functions":{"total":1,"covered":0,"skipped":0,"pct":0},"statements":{"total":4,"covered":1,"skipped":0,"pct":25},"branches":{"total":0,"covered":0,"skipped":0,"pct":100}}
,"C:\\Users\\salav\\OneDrive\\Desktop\\Developer Platform\\Developer-Collaboration-Platform\\server\\src\\utils\\activity.js": {"lines":{"total":4,"covered":3,"skipped":0,"pct":75},"functions":{"total":1,"covered":0,"skipped":0,"pct":0},"statements":{"total":4,"covered":3,"skipped":0,"pct":75},"branches":{"total":2,"covered":0,"skipped":0,"pct":0}}
,"C:\\Users\\salav\\OneDrive\\Desktop\\Developer Platform\\Developer-Collaboration-Platform\\server\\src\\utils\\aiClient.js": {"lines":{"total":42,"covered":3,"skipped":0,"pct":7.14},"functions":{"total":2,"covered":0,"skipped":0,"pct":0},"statements":{"total":43,"covered":3,"skipped":0,"pct":6.97},"branches":{"total":38,"covered":0,"skipped":0,"pct":0}}
,"C:\\Users\\salav\\OneDrive\\Desktop\\Developer Platform\\Developer-Collaboration-Platform\\server\\src\\utils\\asyncHandler.js": {"lines":{"total":3,"covered":2,"skipped":0,"pct":66.66},"functions":{"total":2,"covered":1,"skipped":0,"pct":50},"statements":{"total":4,"covered":3,"skipped":0,"pct":75},"branches":{"total":0,"covered":0,"skipped":0,"pct":100}}
,"C:\\Users\\salav\\OneDrive\\Desktop\\Developer Platform\\Developer-Collaboration-Platform\\server\\src\\utils\\email.js": {"lines":{"total":23,"covered":5,"skipped":0,"pct":21.73},"functions":{"total":2,"covered":0,"skipped":0,"pct":0},"statements":{"total":23,"covered":5,"skipped":0,"pct":21.73},"branches":{"total":10,"covered":0,"skipped":0,"pct":0}}
,"C:\\Users\\salav\\OneDrive\\Desktop\\Developer Platform\\Developer-Collaboration-Platform\\server\\src\\utils\\emailService.js": {"lines":{"total":83,"covered":16,"skipped":0,"pct":19.27},"functions":{"total":8,"covered":1,"skipped":0,"pct":12.5},"statements":{"total":85,"covered":16,"skipped":0,"pct":18.82},"branches":{"total":27,"covered":2,"skipped":0,"pct":7.4}}
,"C:\\Users\\salav\\OneDrive\\Desktop\\Developer Platform\\Developer-Collaboration-Platform\\server\\src\\utils\\notify.js": {"lines":{"total":9,"covered":4,"skipped":0,"pct":44.44},"functions":{"total":2,"covered":0,"skipped":0,"pct":0},"statements":{"total":9,"covered":4,"skipped":0,"pct":44.44},"branches":{"total":12,"covered":0,"skipped":0,"pct":0}}
,"C:\\Users\\salav\\OneDrive\\Desktop\\Developer Platform\\Developer-Collaboration-Platform\\server\\src\\utils\\refreshToken.js": {"lines":{"total":14,"covered":0,"skipped":0,"pct":0},"functions":{"total":4,"covered":0,"skipped":0,"pct":0},"statements":{"total":16,"covered":0,"skipped":0,"pct":0},"branches":{"total":6,"covered":0,"skipped":0,"pct":0}}
,"C:\\Users\\salav\\OneDrive\\Desktop\\Developer Platform\\Developer-Collaboration-Platform\\server\\src\\utils\\sanitize.js": {"lines":{"total":10,"covered":7,"skipped":0,"pct":70},"functions":{"total":4,"covered":0,"skipped":0,"pct":0},"statements":{"total":12,"covered":7,"skipped":0,"pct":58.33},"branches":{"total":12,"covered":0,"skipped":0,"pct":0}}
,"C:\\Users\\salav\\OneDrive\\Desktop\\Developer Platform\\Developer-Collaboration-Platform\\server\\src\\utils\\socketHelpers.js": {"lines":{"total":92,"covered":0,"skipped":0,"pct":0},"functions":{"total":23,"covered":0,"skipped":0,"pct":0},"statements":{"total":93,"covered":0,"skipped":0,"pct":0},"branches":{"total":54,"covered":0,"skipped":0,"pct":0}}
,"C:\\Users\\salav\\OneDrive\\Desktop\\Developer Platform\\Developer-Collaboration-Platform\\server\\src\\utils\\token.js": {"lines":{"total":9,"covered":4,"skipped":0,"pct":44.44},"functions":{"total":2,"covered":0,"skipped":0,"pct":0},"statements":{"total":9,"covered":4,"skipped":0,"pct":44.44},"branches":{"total":0,"covered":0,"skipped":0,"pct":100}}
}
